<?xml version="1.0" encoding="UTF-8"?>
<!-- Generated by org.testng.reporters.JUnitReportReporter -->
<testsuite hostname="DESKTOP-4KRAEP9" failures="0" tests="1" name="testCase.BlogMenuTestCase" time="16.934" errors="0" timestamp="2024-01-24T19:00:17 BDT" skipped="0">
  <testcase classname="testCase.BlogMenuTestCase" name="blog" time="16.934"/>
</testsuite> <!-- testCase.BlogMenuTestCase -->
