<?xml version="1.0" encoding="UTF-8"?>
<!-- Generated by org.testng.reporters.JUnitReportReporter -->
<testsuite hostname="DESKTOP-4KRAEP9" failures="0" tests="1" name="testCase.AboutUsMenuTestCase" time="9.030" errors="0" timestamp="2024-01-24T17:57:48 BDT" skipped="0">
  <testcase classname="testCase.AboutUsMenuTestCase" name="aboutClick" time="9.030"/>
</testsuite> <!-- testCase.AboutUsMenuTestCase -->
