<?xml version="1.0" encoding="UTF-8"?>
<!-- Generated by org.testng.reporters.JUnitReportReporter -->
<testsuite hostname="DESKTOP-4KRAEP9" failures="0" tests="1" name="testCase.OtaPortalMenuTestCase" time="43.643" errors="0" timestamp="2024-01-24T21:13:38 BDT" skipped="0">
  <testcase classname="testCase.OtaPortalMenuTestCase" name="ota" time="43.643"/>
</testsuite> <!-- testCase.OtaPortalMenuTestCase -->
