<?xml version="1.0" encoding="UTF-8"?>
<!-- Generated by org.testng.reporters.JUnitReportReporter -->
<testsuite hostname="DESKTOP-4KRAEP9" failures="0" tests="1" name="testCase.HomeMenuTestCase" time="8.055" errors="0" timestamp="2024-01-24T23:54:20 BDT" skipped="0">
  <testcase classname="testCase.HomeMenuTestCase" name="homeClick" time="8.055"/>
</testsuite> <!-- testCase.HomeMenuTestCase -->
