<?xml version="1.0" encoding="UTF-8"?>
<!-- Generated by org.testng.reporters.JUnitReportReporter -->
<testsuite hostname="DESKTOP-4KRAEP9" failures="0" tests="1" name="testCase.GalleryMenuTestCase" time="17.782" errors="0" timestamp="2024-01-24T20:54:37 BDT" skipped="0">
  <testcase classname="testCase.GalleryMenuTestCase" name="gallery" time="17.782"/>
</testsuite> <!-- testCase.GalleryMenuTestCase -->
