<?xml version="1.0" encoding="UTF-8"?>
<!-- Generated by org.testng.reporters.JUnitReportReporter -->
<testsuite hostname="DESKTOP-4KRAEP9" failures="0" tests="1" name="testCase.ConcernTestCase" time="9.585" errors="0" timestamp="2024-01-24T18:37:22 BDT" skipped="0">
  <testcase classname="testCase.ConcernTestCase" name="concern" time="9.585"/>
</testsuite> <!-- testCase.ConcernTestCase -->
