<?xml version="1.0" encoding="UTF-8"?>
<!-- Generated by org.testng.reporters.JUnitReportReporter -->
<testsuite hostname="DESKTOP-4KRAEP9" failures="0" tests="1" name="testCase.OtaPortalMenuTestCase" time="9.172" errors="0" timestamp="2024-01-24T23:54:20 BDT" skipped="0">
  <testcase classname="testCase.OtaPortalMenuTestCase" name="ota" time="9.172"/>
</testsuite> <!-- testCase.OtaPortalMenuTestCase -->
