<?xml version="1.0" encoding="UTF-8"?>
<!-- Generated by org.testng.reporters.JUnitReportReporter -->
<testsuite hostname="DESKTOP-4KRAEP9" failures="0" tests="1" name="testCase.ConsultancyMenu" time="14.978" errors="0" timestamp="2024-01-24T23:27:19 BDT" skipped="0">
  <testcase classname="testCase.ConsultancyMenu" name="myConsultancy" time="14.978"/>
</testsuite> <!-- testCase.ConsultancyMenu -->
