<?xml version="1.0" encoding="UTF-8"?>
<!-- Generated by org.testng.reporters.JUnitReportReporter -->
<testsuite hostname="DESKTOP-4KRAEP9" failures="0" tests="1" name="testCase.ContractUsMenuTestCase" time="42.348" errors="0" timestamp="2024-01-24T22:18:50 BDT" skipped="0">
  <testcase classname="testCase.ContractUsMenuTestCase" name="contract" time="42.348"/>
</testsuite> <!-- testCase.ContractUsMenuTestCase -->
